{
  "RSpec": {
    "coverage": {
      "/workspaces/quiz-generator/app/helpers/application_helper.rb": {
        "lines": [
          1,
          null
        ]
      },
      "/workspaces/quiz-generator/app/helpers/quizzes_helper.rb": {
        "lines": [
          1,
          null
        ]
      },
      "/workspaces/quiz-generator/app/models/question.rb": {
        "lines": [
          1,
          1,
          null,
          null
        ]
      },
      "/workspaces/quiz-generator/app/models/application_record.rb": {
        "lines": [
          1,
          1,
          null
        ]
      },
      "/workspaces/quiz-generator/app/models/quiz.rb": {
        "lines": [
          1,
          1,
          null,
          1,
          1,
          null,
          1,
          1,
          4,
          0,
          null,
          4,
          null,
          null,
          null,
          1,
          4,
          0,
          null,
          4,
          null,
          null,
          1,
          1,
          null,
          null
        ]
      },
      "/workspaces/quiz-generator/app/models/user.rb": {
        "lines": [
          1,
          1,
          1,
          null,
          null,
          null,
          null
        ]
      },
      "/workspaces/quiz-generator/app/controllers/quizzes_controller.rb": {
        "lines": [
          1,
          1,
          1,
          null,
          1,
          2,
          2,
          1,
          null,
          null,
          null,
          null,
          1,
          4,
          4,
          null,
          null,
          null,
          1,
          0,
          null,
          null,
          null,
          1,
          0,
          0,
          0,
          null,
          0,
          0,
          null,
          null,
          null,
          null,
          1,
          null,
          null,
          null,
          1,
          0,
          0,
          null,
          0,
          null,
          null,
          null,
          null,
          1,
          0,
          0,
          null,
          null,
          null,
          1,
          1,
          1,
          1,
          null,
          1,
          2,
          2,
          2,
          null,
          null,
          null,
          null,
          1,
          1,
          null,
          1,
          1,
          1,
          null,
          null,
          null,
          1,
          null,
          null,
          1,
          4,
          null,
          null,
          1,
          null,
          1,
          0,
          null,
          null,
          1,
          0,
          0,
          null,
          null
        ]
      },
      "/workspaces/quiz-generator/app/controllers/application_controller.rb": {
        "lines": [
          1,
          null,
          1,
          null
        ]
      }
    },
    "timestamp": 1731032344
  }
}
